clock/build/app/outputs/mapping/release/mapping.txt
# compiler: R8
# compiler_version: 1.5.64
# min_api: 21
# pg_map_id: b8457da
...
io.flutter.embedding.android.FlutterView -> io.flutter.embedding.android.m:
    io.flutter.embedding.engine.FlutterEngine flutterEngine -> h
    io.flutter.embedding.android.FlutterTextureView flutterTextureView -> b
    io.flutter.plugin.mouse.MouseCursorPlugin mouseCursorPlugin -> j
    io.flutter.embedding.engine.renderer.FlutterRenderer$ViewportMetrics viewportMetrics -> p
    io.flutter.embedding.android.FlutterSurfaceView flutterSurfaceView -> a
    java.util.Set flutterEngineAttachmentListeners -> i
    io.flutter.view.AccessibilityBridge$OnAccessibilityChangeListener onAccessibilityChangeListener -> q
    io.flutter.embedding.android.AndroidTouchProcessor androidTouchProcessor -> n
    io.flutter.view.AccessibilityBridge accessibilityBridge -> o
    io.flutter.embedding.engine.renderer.RenderSurface renderSurface -> d
    io.flutter.plugin.editing.TextInputPlugin textInputPlugin -> k
    io.flutter.embedding.engine.renderer.RenderSurface previousRenderSurface -> e
    java.util.Set flutterUiDisplayListeners -> f
    io.flutter.embedding.android.FlutterImageView flutterImageView -> c
    boolean isFlutterUiDisplayed -> g
    io.flutter.plugin.localization.LocalizationPlugin localizationPlugin -> l
    io.flutter.embedding.android.AndroidKeyProcessor androidKeyProcessor -> m
    io.flutter.embedding.engine.renderer.FlutterUiDisplayListener flutterUiDisplayListener -> r
    void access$000(io.flutter.embedding.android.FlutterView,boolean,boolean) -> a
io.flutter.embedding.android.FlutterView$1 -> io.flutter.embedding.android.m$a:
    io.flutter.embedding.android.FlutterView this$0 -> a
    void onAccessibilityChanged(boolean,boolean) -> a
io.flutter.embedding.android.FlutterView$2 -> io.flutter.embedding.android.m$b:
    io.flutter.embedding.android.FlutterView this$0 -> a
    void onFlutterUiDisplayed() -> a
    void onFlutterUiNoLongerDisplayed() -> b
io.flutter.embedding.android.FlutterView$3 -> io.flutter.embedding.android.m$c:
    java.lang.Runnable val$onDone -> b
    io.flutter.embedding.engine.renderer.FlutterRenderer val$renderer -> a
    io.flutter.embedding.android.FlutterView this$0 -> c
    void onFlutterUiDisplayed() -> a
    void onFlutterUiNoLongerDisplayed() -> b
io.flutter.embedding.android.FlutterView$FlutterEngineAttachmentListener -> io.flutter.embedding.android.m$d:
    void onFlutterEngineAttachedToFlutterView(io.flutter.embedding.engine.FlutterEngine) -> a
    void onFlutterEngineDetachedFromFlutterView() -> a
io.flutter.embedding.android.FlutterView$ZeroSides -> io.flutter.embedding.android.m$e:
    io.flutter.embedding.android.FlutterView$ZeroSides NONE -> a
    io.flutter.embedding.android.FlutterView$ZeroSides[] $VALUES -> e
    io.flutter.embedding.android.FlutterView$ZeroSides BOTH -> d
    io.flutter.embedding.android.FlutterView$ZeroSides RIGHT -> c
    io.flutter.embedding.android.FlutterView$ZeroSides LEFT -> b
io.flutter.embedding.android.MotionEventTracker -> io.flutter.embedding.android.n:
    java.util.PriorityQueue unusedEvents -> b
    android.util.LongSparseArray eventById -> a
    io.flutter.embedding.android.MotionEventTracker INSTANCE -> c
    io.flutter.embedding.android.MotionEventTracker getInstance() -> a
    android.view.MotionEvent pop(io.flutter.embedding.android.MotionEventTracker$MotionEventId) -> a
    io.flutter.embedding.android.MotionEventTracker$MotionEventId track(android.view.MotionEvent) -> a
io.flutter.embedding.android.MotionEventTracker$MotionEventId -> io.flutter.embedding.android.n$a:
    java.util.concurrent.atomic.AtomicLong ID_COUNTER -> b
    long id -> a
    long access$000(io.flutter.embedding.android.MotionEventTracker$MotionEventId) -> a
    io.flutter.embedding.android.MotionEventTracker$MotionEventId from(long) -> a
    long getId() -> a
    io.flutter.embedding.android.MotionEventTracker$MotionEventId createUnique() -> b